18:39:15 **** Incremental Build of configuration Debug for project EXAMPLE1 ****
make -j8 all 
arm-none-eabi-gcc -o "EXAMPLE1.elf" @"objects.list"   -mcpu=cortex-m4 -T"C:\Users\PANTECH\OneDrive\Desktop\DAY12-DEMO\Target\EXAMPLE1\STM32F411RETX_FLASH.ld" --specs=nosys.specs -Wl,-Map="EXAMPLE1.map" -Wl,--gc-sections -static --specs=nano.specs -mfloat-abi=soft -mthumb -Wl,--start-group -lc -lm -Wl,--end-group
c:\st\stm32cubeide_1.9.0\stm32cubeide\plugins\com.st.stm32cube.ide.mcu.externaltools.gnu-tools-for-stm32.10.3-2021.10.win32_1.0.0.202111181127\tools\arm-none-eabi\bin\ld.exe: ./Startup/startup_stm32f411retx.o: in function `LoopFillZerobss':
C:/Users/PANTECH/OneDrive/Desktop/DAY12-DEMO/Target/EXAMPLE1/Debug/../Startup/startup_stm32f411retx.s:97: undefined reference to `main'
collect2.exe: error: ld returned 1 exit status
make: *** [makefile:63: EXAMPLE1.elf] Error 1
"make -j8 all" terminated with exit code 2. Build might be incomplete.

18:39:15 Build Failed. 3 errors, 0 warnings. (took 516ms)

